#
# There is insufficient memory for the Java Runtime Environment to continue.
# Native memory allocation (malloc) failed to allocate 1022736 bytes for Chunk::new
# Possible reasons:
#   The system is out of physical RAM or swap space
#   The process is running with CompressedOops enabled, and the Java Heap may be blocking the growth of the native heap
# Possible solutions:
#   Reduce memory load on the system
#   Increase physical memory or swap space
#   Check if swap backing store is full
#   Decrease Java heap size (-Xmx/-Xms)
#   Decrease number of Java threads
#   Decrease Java thread stack sizes (-Xss)
#   Set larger code cache with -XX:ReservedCodeCacheSize=
#   JVM is running with Unscaled Compressed Oops mode in which the Java heap is
#     placed in the first 4GB address space. The Java Heap base address is the
#     maximum limit for the native heap growth. Please use -XX:HeapBaseMinAddress
#     to set the Java Heap base and to place the Java Heap above 4GB virtual address.
# This output file may be truncated or incomplete.
#
#  Out of Memory Error (arena.cpp:189), pid=7636, tid=29820
#
# JRE version: OpenJDK Runtime Environment (17.0.7) (build 17.0.7+0-b2043.56-10550314)
# Java VM: OpenJDK 64-Bit Server VM (17.0.7+0-b2043.56-10550314, mixed mode, tiered, compressed oops, compressed class ptrs, g1 gc, windows-amd64)
# No core dump will be written. Minidumps are not enabled by default on client versions of Windows
#

---------------  S U M M A R Y ------------

Command Line: --add-opens=java.base/java.util=ALL-UNNAMED --add-opens=java.base/java.lang=ALL-UNNAMED --add-opens=java.base/java.lang.invoke=ALL-UNNAMED --add-opens=java.prefs/java.util.prefs=ALL-UNNAMED --add-opens=java.base/java.nio.charset=ALL-UNNAMED --add-opens=java.base/java.net=ALL-UNNAMED --add-opens=java.base/java.util.concurrent.atomic=ALL-UNNAMED -Xmx2048m -Dfile.encoding=UTF-8 -Duser.country=US -Duser.language=en -Duser.variant org.gradle.launcher.daemon.bootstrap.GradleDaemon 8.0

Host: 11th Gen Intel(R) Core(TM) i5-11400F @ 2.60GHz, 12 cores, 15G,  Windows 11 , 64 bit Build 22621 (10.0.22621.2506)
Time: Mon Dec 25 18:52:16 2023 SE Asia Standard Time elapsed time: 20.242850 seconds (0d 0h 0m 20s)

---------------  T H R E A D  ---------------

Current thread (0x000001559308a2a0):  JavaThread "C2 CompilerThread0" daemon [_thread_in_native, id=29820, stack(0x0000002d4a000000,0x0000002d4a100000)]


Current CompileTask:
C2:  20266 1931       4       jdk.internal.org.objectweb.asm.Frame::execute (2305 bytes)

Stack: [0x0000002d4a000000,0x0000002d4a100000]
Native frames: (J=compiled Java code, j=interpreted, Vv=VM code, C=native code)
V  [jvm.dll+0x683bfa]
V  [jvm.dll+0x8430a4]
V  [jvm.dll+0x8449be]
V  [jvm.dll+0x845023]
V  [jvm.dll+0x24ad2f]
V  [jvm.dll+0xac25c]
V  [jvm.dll+0xac82c]
V  [jvm.dll+0x2b218f]
V  [jvm.dll+0x58c2f7]
V  [jvm.dll+0x225a12]
V  [jvm.dll+0x225def]
V  [jvm.dll+0x21f0b5]
V  [jvm.dll+0x21c56b]
V  [jvm.dll+0x1a605d]
V  [jvm.dll+0x22c148]
V  [jvm.dll+0x22a209]
V  [jvm.dll+0x7f858c]
V  [jvm.dll+0x7f2aea]
V  [jvm.dll+0x682a35]
C  [ucrtbase.dll+0x29363]
C  [KERNEL32.DLL+0x1257d]
C  [ntdll.dll+0x5aa58]


---------------  P R O C E S S  ---------------

Threads class SMR info:
_java_thread_list=0x0000015594b616b0, length=22, elements={
0x00000155f0388350, 0x000001559303b870, 0x000001559303c330, 0x00000155930834e0,
0x0000015593084090, 0x0000015593088b60, 0x0000015593089510, 0x000001559308a2a0,
0x000001559308c2a0, 0x00000155930afc80, 0x0000015593229f30, 0x000001559322a610,
0x00000155938e8e50, 0x0000015593fd24a0, 0x00000155954c4790, 0x00000155945708c0,
0x0000015593f490e0, 0x0000015593b157e0, 0x0000015593b15cb0, 0x0000015593b16650,
0x0000015593b16b20, 0x0000015593b16180
}

Java Threads: ( => current thread )
  0x00000155f0388350 JavaThread "main" [_thread_blocked, id=26044, stack(0x0000002d49300000,0x0000002d49400000)]
  0x000001559303b870 JavaThread "Reference Handler" daemon [_thread_blocked, id=5056, stack(0x0000002d49a00000,0x0000002d49b00000)]
  0x000001559303c330 JavaThread "Finalizer" daemon [_thread_blocked, id=25300, stack(0x0000002d49b00000,0x0000002d49c00000)]
  0x00000155930834e0 JavaThread "Signal Dispatcher" daemon [_thread_blocked, id=17588, stack(0x0000002d49c00000,0x0000002d49d00000)]
  0x0000015593084090 JavaThread "Attach Listener" daemon [_thread_blocked, id=14628, stack(0x0000002d49d00000,0x0000002d49e00000)]
  0x0000015593088b60 JavaThread "Service Thread" daemon [_thread_blocked, id=28328, stack(0x0000002d49e00000,0x0000002d49f00000)]
  0x0000015593089510 JavaThread "Monitor Deflation Thread" daemon [_thread_blocked, id=13148, stack(0x0000002d49f00000,0x0000002d4a000000)]
=>0x000001559308a2a0 JavaThread "C2 CompilerThread0" daemon [_thread_in_native, id=29820, stack(0x0000002d4a000000,0x0000002d4a100000)]
  0x000001559308c2a0 JavaThread "C1 CompilerThread0" daemon [_thread_blocked, id=13800, stack(0x0000002d4a100000,0x0000002d4a200000)]
  0x00000155930afc80 JavaThread "Sweeper thread" daemon [_thread_blocked, id=25696, stack(0x0000002d4a200000,0x0000002d4a300000)]
  0x0000015593229f30 JavaThread "Common-Cleaner" daemon [_thread_blocked, id=30644, stack(0x0000002d4a300000,0x0000002d4a400000)]
  0x000001559322a610 JavaThread "Notification Thread" daemon [_thread_blocked, id=24924, stack(0x0000002d4a400000,0x0000002d4a500000)]
  0x00000155938e8e50 JavaThread "Daemon health stats" [_thread_blocked, id=10504, stack(0x0000002d4a600000,0x0000002d4a700000)]
  0x0000015593fd24a0 JavaThread "Incoming local TCP Connector on port 50765" [_thread_in_native, id=13428, stack(0x0000002d4ac00000,0x0000002d4ad00000)]
  0x00000155954c4790 JavaThread "Daemon periodic checks" [_thread_blocked, id=14724, stack(0x0000002d4ad00000,0x0000002d4ae00000)]
  0x00000155945708c0 JavaThread "Daemon" [_thread_blocked, id=20376, stack(0x0000002d4ae00000,0x0000002d4af00000)]
  0x0000015593f490e0 JavaThread "Handler for socket connection from /127.0.0.1:50765 to /127.0.0.1:50767" [_thread_in_native, id=29784, stack(0x0000002d4af00000,0x0000002d4b000000)]
  0x0000015593b157e0 JavaThread "Cancel handler" [_thread_blocked, id=3912, stack(0x0000002d4b000000,0x0000002d4b100000)]
  0x0000015593b15cb0 JavaThread "Daemon worker" [_thread_in_native, id=7420, stack(0x0000002d4b100000,0x0000002d4b200000)]
  0x0000015593b16650 JavaThread "Asynchronous log dispatcher for DefaultDaemonConnection: socket connection from /127.0.0.1:50765 to /127.0.0.1:50767" [_thread_blocked, id=11216, stack(0x0000002d4b200000,0x0000002d4b300000)]
  0x0000015593b16b20 JavaThread "Stdin handler" [_thread_blocked, id=15540, stack(0x0000002d4b300000,0x0000002d4b400000)]
  0x0000015593b16180 JavaThread "Daemon client event forwarder" [_thread_blocked, id=12844, stack(0x0000002d4b400000,0x0000002d4b500000)]

Other Threads:
  0x00000155fb65cf00 VMThread "VM Thread" [stack: 0x0000002d49900000,0x0000002d49a00000] [id=7536]
  0x00000155f03fafc0 WatcherThread [stack: 0x0000002d4a500000,0x0000002d4a600000] [id=25732]
  0x00000155f03e2950 GCTaskThread "GC Thread#0" [stack: 0x0000002d49400000,0x0000002d49500000] [id=10784]
  0x00000155933f6930 GCTaskThread "GC Thread#1" [stack: 0x0000002d4a700000,0x0000002d4a800000] [id=4108]
  0x00000155931b3260 GCTaskThread "GC Thread#2" [stack: 0x0000002d4a800000,0x0000002d4a900000] [id=6424]
  0x0000015593831ce0 GCTaskThread "GC Thread#3" [stack: 0x0000002d4a900000,0x0000002d4aa00000] [id=8572]
  0x0000015593831f90 GCTaskThread "GC Thread#4" [stack: 0x0000002d4aa00000,0x0000002d4ab00000] [id=24236]
  0x000001559375a020 GCTaskThread "GC Thread#5" [stack: 0x0000002d4ab00000,0x0000002d4ac00000] [id=25348]
  0x00000155948a4380 GCTaskThread "GC Thread#6" [stack: 0x0000002d4b500000,0x0000002d4b600000] [id=29532]
  0x00000155951bd8b0 GCTaskThread "GC Thread#7" [stack: 0x0000002d4b600000,0x0000002d4b700000] [id=2920]
  0x00000155951bdb60 GCTaskThread "GC Thread#8" [stack: 0x0000002d4b700000,0x0000002d4b800000] [id=19380]
  0x00000155951bde10 GCTaskThread "GC Thread#9" [stack: 0x0000002d4b800000,0x0000002d4b900000] [id=13540]
  0x00000155f03f3890 ConcurrentGCThread "G1 Main Marker" [stack: 0x0000002d49500000,0x0000002d49600000] [id=18492]
  0x00000155f03f42a0 ConcurrentGCThread "G1 Conc#0" [stack: 0x0000002d49600000,0x0000002d49700000] [id=28808]
  0x00000155951be0c0 ConcurrentGCThread "G1 Conc#1" [stack: 0x0000002d4b900000,0x0000002d4ba00000] [id=26812]
  0x0000015593b1abb0 ConcurrentGCThread "G1 Conc#2" [stack: 0x0000002d4ba00000,0x0000002d4bb00000] [id=13804]
  0x00000155f044dfb0 ConcurrentGCThread "G1 Refine#0" [stack: 0x0000002d49700000,0x0000002d49800000] [id=26388]
  0x00000155f044e9d0 ConcurrentGCThread "G1 Service" [stack: 0x0000002d49800000,0x0000002d49900000] [id=18384]

Threads with active compile tasks:
C2 CompilerThread0    20461 1931       4       jdk.internal.org.objectweb.asm.Frame::execute (2305 bytes)

VM state: not at safepoint (normal execution)

VM Mutex/Monitor currently owned by a thread: None

Heap address: 0x0000000080000000, size: 2048 MB, Compressed Oops mode: 32-bit

CDS archive(s) not mapped
Compressed class space mapped at: 0x0000000100000000-0x0000000140000000, reserved size: 1073741824
Narrow klass base: 0x0000000000000000, Narrow klass shift: 3, Narrow klass range: 0x140000000

GC Precious Log:
 CPUs: 12 total, 12 available
 Memory: 16239M
 Large Page Support: Disabled
 NUMA Support: Disabled
 Compressed Oops: Enabled (32-bit)
 Heap Region Size: 1M
 Heap Min Capacity: 8M
 Heap Initial Capacity: 254M
 Heap Max Capacity: 2G
 Pre-touch: Disabled
 Parallel Workers: 10
 Concurrent Workers: 3
 Concurrent Refinement Workers: 10
 Periodic GC: Disabled

Heap:
 garbage-first heap   total 68608K, used 18411K [0x0000000080000000, 0x0000000100000000)
  region size 1024K, 10 young (10240K), 9 survivors (9216K)
 Metaspace       used 21228K, committed 21568K, reserved 1114112K
  class space    used 2586K, committed 2752K, reserved 1048576K

Heap Regions: E=young(eden), S=young(survivor), O=old, HS=humongous(starts), HC=humongous(continues), CS=collection set, F=free, OA=open archive, CA=closed archive, TAMS=top-at-mark-start (previous, next)
|   0|0x0000000080000000, 0x0000000080100000, 0x0000000080100000|100%|HS|  |TAMS 0x0000000080100000, 0x0000000080000000| Complete 
|   1|0x0000000080100000, 0x0000000080200000, 0x0000000080200000|100%|HC|  |TAMS 0x0000000080200000, 0x0000000080100000| Complete 
|   2|0x0000000080200000, 0x0000000080300000, 0x0000000080300000|100%|HC|  |TAMS 0x0000000080300000, 0x0000000080200000| Complete 
|   3|0x0000000080300000, 0x0000000080400000, 0x0000000080400000|100%|HC|  |TAMS 0x0000000080400000, 0x0000000080300000| Complete 
|   4|0x0000000080400000, 0x0000000080500000, 0x0000000080500000|100%| O|  |TAMS 0x0000000080500000, 0x0000000080400000| Untracked 
|   5|0x0000000080500000, 0x0000000080600000, 0x0000000080600000|100%| O|  |TAMS 0x0000000080600000, 0x0000000080500000| Untracked 
|   6|0x0000000080600000, 0x0000000080700000, 0x0000000080700000|100%| O|  |TAMS 0x0000000080700000, 0x0000000080600000| Untracked 
|   7|0x0000000080700000, 0x0000000080800000, 0x0000000080800000|100%| O|  |TAMS 0x0000000080800000, 0x0000000080700000| Untracked 
|   8|0x0000000080800000, 0x0000000080800000, 0x0000000080900000|  0%| F|  |TAMS 0x0000000080800000, 0x0000000080800000| Untracked 
|   9|0x0000000080900000, 0x0000000080a00000, 0x0000000080a00000|100%| O|  |TAMS 0x0000000080a00000, 0x0000000080900000| Untracked 
|  10|0x0000000080a00000, 0x0000000080aefa00, 0x0000000080b00000| 93%| O|  |TAMS 0x0000000080aefa00, 0x0000000080a00000| Complete 
|  11|0x0000000080b00000, 0x0000000080b00000, 0x0000000080c00000|  0%| F|  |TAMS 0x0000000080b00000, 0x0000000080b00000| Untracked 
|  12|0x0000000080c00000, 0x0000000080c00000, 0x0000000080d00000|  0%| F|  |TAMS 0x0000000080c00000, 0x0000000080c00000| Untracked 
|  13|0x0000000080d00000, 0x0000000080d00000, 0x0000000080e00000|  0%| F|  |TAMS 0x0000000080d00000, 0x0000000080d00000| Untracked 
|  14|0x0000000080e00000, 0x0000000080e00000, 0x0000000080f00000|  0%| F|  |TAMS 0x0000000080e00000, 0x0000000080e00000| Untracked 
|  15|0x0000000080f00000, 0x0000000080f00000, 0x0000000081000000|  0%| F|  |TAMS 0x0000000080f00000, 0x0000000080f00000| Untracked 
|  16|0x0000000081000000, 0x0000000081000000, 0x0000000081100000|  0%| F|  |TAMS 0x0000000081000000, 0x0000000081000000| Untracked 
|  17|0x0000000081100000, 0x0000000081100000, 0x0000000081200000|  0%| F|  |TAMS 0x0000000081100000, 0x0000000081100000| Untracked 
|  18|0x0000000081200000, 0x0000000081200000, 0x0000000081300000|  0%| F|  |TAMS 0x0000000081200000, 0x0000000081200000| Untracked 
|  19|0x0000000081300000, 0x0000000081300000, 0x0000000081400000|  0%| F|  |TAMS 0x0000000081300000, 0x0000000081300000| Untracked 
|  20|0x0000000081400000, 0x0000000081400000, 0x0000000081500000|  0%| F|  |TAMS 0x0000000081400000, 0x0000000081400000| Untracked 
|  21|0x0000000081500000, 0x0000000081500000, 0x0000000081600000|  0%| F|  |TAMS 0x0000000081500000, 0x0000000081500000| Untracked 
|  22|0x0000000081600000, 0x0000000081600000, 0x0000000081700000|  0%| F|  |TAMS 0x0000000081600000, 0x0000000081600000| Untracked 
|  23|0x0000000081700000, 0x0000000081700000, 0x0000000081800000|  0%| F|  |TAMS 0x0000000081700000, 0x0000000081700000| Untracked 
|  24|0x0000000081800000, 0x0000000081800000, 0x0000000081900000|  0%| F|  |TAMS 0x0000000081800000, 0x0000000081800000| Untracked 
|  25|0x0000000081900000, 0x0000000081900000, 0x0000000081a00000|  0%| F|  |TAMS 0x0000000081900000, 0x0000000081900000| Untracked 
|  26|0x0000000081a00000, 0x0000000081a00000, 0x0000000081b00000|  0%| F|  |TAMS 0x0000000081a00000, 0x0000000081a00000| Untracked 
|  27|0x0000000081b00000, 0x0000000081b00000, 0x0000000081c00000|  0%| F|  |TAMS 0x0000000081b00000, 0x0000000081b00000| Untracked 
|  28|0x0000000081c00000, 0x0000000081c00000, 0x0000000081d00000|  0%| F|  |TAMS 0x0000000081c00000, 0x0000000081c00000| Untracked 
|  29|0x0000000081d00000, 0x0000000081d00000, 0x0000000081e00000|  0%| F|  |TAMS 0x0000000081d00000, 0x0000000081d00000| Untracked 
|  30|0x0000000081e00000, 0x0000000081e00000, 0x0000000081f00000|  0%| F|  |TAMS 0x0000000081e00000, 0x0000000081e00000| Untracked 
|  31|0x0000000081f00000, 0x0000000081f00000, 0x0000000082000000|  0%| F|  |TAMS 0x0000000081f00000, 0x0000000081f00000| Untracked 
|  32|0x0000000082000000, 0x0000000082000000, 0x0000000082100000|  0%| F|  |TAMS 0x0000000082000000, 0x0000000082000000| Untracked 
|  33|0x0000000082100000, 0x0000000082100000, 0x0000000082200000|  0%| F|  |TAMS 0x0000000082100000, 0x0000000082100000| Untracked 
|  34|0x0000000082200000, 0x0000000082200000, 0x0000000082300000|  0%| F|  |TAMS 0x0000000082200000, 0x0000000082200000| Untracked 
|  35|0x0000000082300000, 0x0000000082300000, 0x0000000082400000|  0%| F|  |TAMS 0x0000000082300000, 0x0000000082300000| Untracked 
|  36|0x0000000082400000, 0x0000000082400000, 0x0000000082500000|  0%| F|  |TAMS 0x0000000082400000, 0x0000000082400000| Untracked 
|  37|0x0000000082500000, 0x0000000082500000, 0x0000000082600000|  0%| F|  |TAMS 0x0000000082500000, 0x0000000082500000| Untracked 
|  38|0x0000000082600000, 0x0000000082600000, 0x0000000082700000|  0%| F|  |TAMS 0x0000000082600000, 0x0000000082600000| Untracked 
|  39|0x0000000082700000, 0x0000000082700000, 0x0000000082800000|  0%| F|  |TAMS 0x0000000082700000, 0x0000000082700000| Untracked 
|  40|0x0000000082800000, 0x0000000082800000, 0x0000000082900000|  0%| F|  |TAMS 0x0000000082800000, 0x0000000082800000| Untracked 
|  41|0x0000000082900000, 0x0000000082900000, 0x0000000082a00000|  0%| F|  |TAMS 0x0000000082900000, 0x0000000082900000| Untracked 
|  42|0x0000000082a00000, 0x0000000082a00000, 0x0000000082b00000|  0%| F|  |TAMS 0x0000000082a00000, 0x0000000082a00000| Untracked 
|  43|0x0000000082b00000, 0x0000000082b00000, 0x0000000082c00000|  0%| F|  |TAMS 0x0000000082b00000, 0x0000000082b00000| Untracked 
|  44|0x0000000082c00000, 0x0000000082c00000, 0x0000000082d00000|  0%| F|  |TAMS 0x0000000082c00000, 0x0000000082c00000| Untracked 
|  45|0x0000000082d00000, 0x0000000082d00000, 0x0000000082e00000|  0%| F|  |TAMS 0x0000000082d00000, 0x0000000082d00000| Untracked 
|  46|0x0000000082e00000, 0x0000000082e00000, 0x0000000082f00000|  0%| F|  |TAMS 0x0000000082e00000, 0x0000000082e00000| Untracked 
|  47|0x0000000082f00000, 0x0000000082f00000, 0x0000000083000000|  0%| F|  |TAMS 0x0000000082f00000, 0x0000000082f00000| Untracked 
|  48|0x0000000083000000, 0x0000000083000000, 0x0000000083100000|  0%| F|  |TAMS 0x0000000083000000, 0x0000000083000000| Untracked 
|  49|0x0000000083100000, 0x0000000083100000, 0x0000000083200000|  0%| F|  |TAMS 0x0000000083100000, 0x0000000083100000| Untracked 
|  50|0x0000000083200000, 0x0000000083200000, 0x0000000083300000|  0%| F|  |TAMS 0x0000000083200000, 0x0000000083200000| Untracked 
|  51|0x0000000083300000, 0x0000000083300000, 0x0000000083400000|  0%| F|  |TAMS 0x0000000083300000, 0x0000000083300000| Untracked 
|  52|0x0000000083400000, 0x0000000083400000, 0x0000000083500000|  0%| F|  |TAMS 0x0000000083400000, 0x0000000083400000| Untracked 
|  53|0x0000000083500000, 0x0000000083500000, 0x0000000083600000|  0%| F|  |TAMS 0x0000000083500000, 0x0000000083500000| Untracked 
|  54|0x0000000083600000, 0x0000000083600000, 0x0000000083700000|  0%| F|  |TAMS 0x0000000083600000, 0x0000000083600000| Untracked 
|  55|0x0000000083700000, 0x0000000083700000, 0x0000000083800000|  0%| F|  |TAMS 0x0000000083700000, 0x0000000083700000| Untracked 
|  56|0x0000000083800000, 0x0000000083800000, 0x0000000083900000|  0%| F|  |TAMS 0x0000000083800000, 0x0000000083800000| Untracked 
| 204|0x000000008cc00000, 0x000000008cc0b250, 0x000000008cd00000|  4%| S|CS|TAMS 0x000000008cc00000, 0x000000008cc00000| Complete 
| 205|0x000000008cd00000, 0x000000008ce00000, 0x000000008ce00000|100%| S|CS|TAMS 0x000000008cd00000, 0x000000008cd00000| Complete 
| 206|0x000000008ce00000, 0x000000008cf00000, 0x000000008cf00000|100%| S|CS|TAMS 0x000000008ce00000, 0x000000008ce00000| Complete 
| 207|0x000000008cf00000, 0x000000008d000000, 0x000000008d000000|100%| S|CS|TAMS 0x000000008cf00000, 0x000000008cf00000| Complete 
| 208|0x000000008d000000, 0x000000008d100000, 0x000000008d100000|100%| S|CS|TAMS 0x000000008d000000, 0x000000008d000000| Complete 
| 209|0x000000008d100000, 0x000000008d200000, 0x000000008d200000|100%| S|CS|TAMS 0x000000008d100000, 0x000000008d100000| Complete 
| 210|0x000000008d200000, 0x000000008d300000, 0x000000008d300000|100%| S|CS|TAMS 0x000000008d200000, 0x000000008d200000| Complete 
| 211|0x000000008d300000, 0x000000008d400000, 0x000000008d400000|100%| S|CS|TAMS 0x000000008d300000, 0x000000008d300000| Complete 
| 212|0x000000008d400000, 0x000000008d500000, 0x000000008d500000|100%| S|CS|TAMS 0x000000008d400000, 0x000000008d400000| Complete 
| 253|0x000000008fd00000, 0x000000008fd930f0, 0x000000008fe00000| 57%| E|  |TAMS 0x000000008fd00000, 0x000000008fd00000| Complete 

Card table byte_map: [0x00000155f41b0000,0x00000155f45b0000] _byte_map_base: 0x00000155f3db0000

Marking Bits (Prev, Next): (CMBitMap*) 0x00000155f03e2fa0, (CMBitMap*) 0x00000155f03e2f60
 Prev Bits: [0x00000155f69b0000, 0x00000155f89b0000)
 Next Bits: [0x00000155f49b0000, 0x00000155f69b0000)

Polling page: 0x00000155ee2e0000

Metaspace:

Usage:
  Non-class:     18.21 MB used.
      Class:      2.53 MB used.
       Both:     20.73 MB used.

Virtual space:
  Non-class space:       64.00 MB reserved,      18.38 MB ( 29%) committed,  1 nodes.
      Class space:        1.00 GB reserved,       2.69 MB ( <1%) committed,  1 nodes.
             Both:        1.06 GB reserved,      21.06 MB (  2%) committed. 

Chunk freelists:
   Non-Class:  13.67 MB
       Class:  13.30 MB
        Both:  26.97 MB

MaxMetaspaceSize: unlimited
CompressedClassSpaceSize: 1.00 GB
Initial GC threshold: 21.00 MB
Current GC threshold: 35.12 MB
CDS: off
MetaspaceReclaimPolicy: balanced
 - commit_granule_bytes: 65536.
 - commit_granule_words: 8192.
 - virtual_space_node_default_size: 8388608.
 - enlarge_chunks_in_place: 1.
 - new_chunks_are_fully_committed: 0.
 - uncommit_free_chunks: 1.
 - use_allocation_guard: 0.
 - handle_deallocations: 1.


Internal statistics:

num_allocs_failed_limit: 3.
num_arena_births: 178.
num_arena_deaths: 0.
num_vsnodes_births: 2.
num_vsnodes_deaths: 0.
num_space_committed: 337.
num_space_uncommitted: 0.
num_chunks_returned_to_freelist: 3.
num_chunks_taken_from_freelist: 556.
num_chunk_merges: 3.
num_chunk_splits: 370.
num_chunks_enlarged: 279.
num_inconsistent_stats: 0.

CodeHeap 'non-profiled nmethods': size=120000Kb used=946Kb max_used=946Kb free=119053Kb
 bounds [0x0000015587ad0000, 0x0000015587d40000, 0x000001558f000000]
CodeHeap 'profiled nmethods': size=120000Kb used=3959Kb max_used=3959Kb free=116040Kb
 bounds [0x0000015580000000, 0x00000155803e0000, 0x0000015587530000]
CodeHeap 'non-nmethods': size=5760Kb used=1211Kb max_used=1224Kb free=4548Kb
 bounds [0x0000015587530000, 0x00000155877a0000, 0x0000015587ad0000]
 total_blobs=2475 nmethods=1968 adapters=420
 compilation: enabled
              stopped_count=0, restarted_count=0
 full_count=0

Compilation events (20 events):
Event: 20.118 Thread 0x000001559308c2a0 1952       3       sun.reflect.generics.factory.CoreReflectionFactory::getDeclsLoader (85 bytes)
Event: 20.119 Thread 0x000001559308c2a0 nmethod 1952 0x00000155803d2c90 code [0x00000155803d3060, 0x00000155803d5178]
Event: 20.119 Thread 0x000001559308c2a0 1953       3       sun.reflect.generics.tree.ClassTypeSignature::accept (8 bytes)
Event: 20.119 Thread 0x000001559308c2a0 nmethod 1953 0x00000155803d5990 code [0x00000155803d5b40, 0x00000155803d5cc8]
Event: 20.119 Thread 0x000001559308c2a0 1954       3       sun.reflect.generics.visitor.Reifier::visitClassTypeSignature (381 bytes)
Event: 20.120 Thread 0x000001559308c2a0 nmethod 1954 0x00000155803d5e10 code [0x00000155803d6220, 0x00000155803d7dc8]
Event: 20.121 Thread 0x000001559308c2a0 1955       3       java.lang.Class::isAnnotation (17 bytes)
Event: 20.121 Thread 0x000001559308c2a0 nmethod 1955 0x00000155803d8790 code [0x00000155803d8920, 0x00000155803d8ab8]
Event: 20.125 Thread 0x000001559308c2a0 1957       3       java.util.concurrent.locks.ReentrantLock$Sync::tryRelease (51 bytes)
Event: 20.126 Thread 0x000001559308c2a0 nmethod 1957 0x00000155803d8b90 code [0x00000155803d8d40, 0x00000155803d9088]
Event: 20.141 Thread 0x000001559308c2a0 1959       3       jdk.internal.misc.Unsafe::weakCompareAndSetInt (11 bytes)
Event: 20.141 Thread 0x000001559308c2a0 nmethod 1959 0x00000155803d9190 code [0x00000155803d9320, 0x00000155803d9458]
Event: 20.141 Thread 0x000001559308c2a0 1961       3       java.lang.Class::createAnnotationData (195 bytes)
Event: 20.142 Thread 0x000001559308c2a0 nmethod 1961 0x00000155803d9510 code [0x00000155803d9880, 0x00000155803dad98]
Event: 20.142 Thread 0x000001559308c2a0 1960       3       java.lang.Class$Atomic::casAnnotationData (13 bytes)
Event: 20.142 Thread 0x000001559308c2a0 nmethod 1960 0x00000155803db490 code [0x00000155803db620, 0x00000155803db778]
Event: 20.142 Thread 0x000001559308c2a0 1962       3       sun.reflect.generics.visitor.Reifier::make (9 bytes)
Event: 20.142 Thread 0x000001559308c2a0 nmethod 1962 0x00000155803db810 code [0x00000155803db9c0, 0x00000155803dbc18]
Event: 20.163 Thread 0x000001559308c2a0 1964       3       java.nio.HeapByteBuffer::get (14 bytes)
Event: 20.163 Thread 0x000001559308c2a0 nmethod 1964 0x00000155803dbd10 code [0x00000155803dbee0, 0x00000155803dc1c8]

GC Heap History (4 events):
Event: 6.303 GC heap before
{Heap before GC invocations=0 (full 0):
 garbage-first heap   total 260096K, used 26624K [0x0000000080000000, 0x0000000100000000)
  region size 1024K, 23 young (23552K), 0 survivors (0K)
 Metaspace       used 10167K, committed 10304K, reserved 1114112K
  class space    used 1048K, committed 1088K, reserved 1048576K
}
Event: 6.307 GC heap after
{Heap after GC invocations=1 (full 0):
 garbage-first heap   total 260096K, used 10550K [0x0000000080000000, 0x0000000100000000)
  region size 1024K, 3 young (3072K), 3 survivors (3072K)
 Metaspace       used 10167K, committed 10304K, reserved 1114112K
  class space    used 1048K, committed 1088K, reserved 1048576K
}
Event: 11.691 GC heap before
{Heap before GC invocations=1 (full 0):
 garbage-first heap   total 260096K, used 40246K [0x0000000080000000, 0x0000000100000000)
  region size 1024K, 32 young (32768K), 3 survivors (3072K)
 Metaspace       used 11134K, committed 11392K, reserved 1114112K
  class space    used 1154K, committed 1280K, reserved 1048576K
}
Event: 11.694 GC heap after
{Heap after GC invocations=2 (full 0):
 garbage-first heap   total 260096K, used 14250K [0x0000000080000000, 0x0000000100000000)
  region size 1024K, 4 young (4096K), 4 survivors (4096K)
 Metaspace       used 11134K, committed 11392K, reserved 1114112K
  class space    used 1154K, committed 1280K, reserved 1048576K
}

Dll operation events (2 events):
Event: 0.022 Loaded shared library D:\Program Files\AndroidStudio\jbr\bin\java.dll
Event: 1.786 Loaded shared library D:\Program Files\AndroidStudio\jbr\bin\verify.dll

Deoptimization events (20 events):
Event: 18.618 Thread 0x0000015593fd24a0 Uncommon trap: trap_request=0xffffff45 fr.pc=0x0000015587b54fac relative=0x0000000000001bcc
Event: 18.618 Thread 0x0000015593fd24a0 Uncommon trap: reason=unstable_if action=reinterpret pc=0x0000015587b54fac method=sun.nio.fs.WindowsPathParser.normalize(Ljava/lang/StringBuilder;Ljava/lang/String;I)Ljava/lang/String; @ 121 c2
Event: 18.618 Thread 0x0000015593fd24a0 DEOPT PACKING pc=0x0000015587b54fac sp=0x0000002d4acfe3d0
Event: 18.618 Thread 0x0000015593fd24a0 DEOPT UNPACKING pc=0x000001558758a1a3 sp=0x0000002d4acfe3c8 mode 2
Event: 18.902 Thread 0x0000015593b15cb0 Uncommon trap: trap_request=0xffffff45 fr.pc=0x0000015587b77164 relative=0x0000000000001244
Event: 18.902 Thread 0x0000015593b15cb0 Uncommon trap: reason=unstable_if action=reinterpret pc=0x0000015587b77164 method=java.util.concurrent.ConcurrentHashMap.putVal(Ljava/lang/Object;Ljava/lang/Object;Z)Ljava/lang/Object; @ 256 c2
Event: 18.902 Thread 0x0000015593b15cb0 DEOPT PACKING pc=0x0000015587b77164 sp=0x0000002d4b1fedf0
Event: 18.902 Thread 0x0000015593b15cb0 DEOPT UNPACKING pc=0x000001558758a1a3 sp=0x0000002d4b1fed68 mode 2
Event: 19.040 Thread 0x0000015593b15cb0 Uncommon trap: trap_request=0xffffff45 fr.pc=0x0000015587b91ed4 relative=0x00000000000014f4
Event: 19.040 Thread 0x0000015593b15cb0 Uncommon trap: reason=unstable_if action=reinterpret pc=0x0000015587b91ed4 method=java.util.concurrent.ConcurrentHashMap.transfer([Ljava/util/concurrent/ConcurrentHashMap$Node;[Ljava/util/concurrent/ConcurrentHashMap$Node;)V @ 26 c2
Event: 19.040 Thread 0x0000015593b15cb0 DEOPT PACKING pc=0x0000015587b91ed4 sp=0x0000002d4b1f9000
Event: 19.040 Thread 0x0000015593b15cb0 DEOPT UNPACKING pc=0x000001558758a1a3 sp=0x0000002d4b1f8f70 mode 2
Event: 19.786 Thread 0x0000015593b15cb0 Uncommon trap: trap_request=0xffffff45 fr.pc=0x0000015587b1cc88 relative=0x0000000000000248
Event: 19.786 Thread 0x0000015593b15cb0 Uncommon trap: reason=unstable_if action=reinterpret pc=0x0000015587b1cc88 method=java.util.HashMap.getNode(Ljava/lang/Object;)Ljava/util/HashMap$Node; @ 66 c2
Event: 19.786 Thread 0x0000015593b15cb0 DEOPT PACKING pc=0x0000015587b1cc88 sp=0x0000002d4b1fc2d0
Event: 19.786 Thread 0x0000015593b15cb0 DEOPT UNPACKING pc=0x000001558758a1a3 sp=0x0000002d4b1fc250 mode 2
Event: 19.799 Thread 0x0000015593b15cb0 Uncommon trap: trap_request=0xffffff45 fr.pc=0x0000015587b8a8a4 relative=0x0000000000000284
Event: 19.799 Thread 0x0000015593b15cb0 Uncommon trap: reason=unstable_if action=reinterpret pc=0x0000015587b8a8a4 method=java.util.concurrent.ConcurrentHashMap.get(Ljava/lang/Object;)Ljava/lang/Object; @ 152 c2
Event: 19.799 Thread 0x0000015593b15cb0 DEOPT PACKING pc=0x0000015587b8a8a4 sp=0x0000002d4b1fb850
Event: 19.799 Thread 0x0000015593b15cb0 DEOPT UNPACKING pc=0x000001558758a1a3 sp=0x0000002d4b1fb7c8 mode 2

Classes unloaded (0 events):
No events

Classes redefined (0 events):
No events

Internal exceptions (20 events):
Event: 5.199 Thread 0x00000155f0388350 Exception <a 'java/lang/NoSuchMethodError'{0x000000008ec48620}: 'int java.lang.invoke.DirectMethodHandle$Holder.invokeSpecial(java.lang.Object, java.lang.Object, java.lang.Object)'> (0x000000008ec48620) 
thrown [s\src\hotspot\share\interpreter\linkResolver.cpp, line 771]
Event: 5.201 Thread 0x00000155f0388350 Exception <a 'java/lang/NoSuchMethodError'{0x000000008ec5bef8}: 'java.lang.Object java.lang.invoke.Invokers$Holder.invokeExact_MT(java.lang.Object, java.lang.Object, java.lang.Object, java.lang.Object)'> (0x000000008ec5bef8) 
thrown [s\src\hotspot\share\interpreter\linkResolver.cpp, line 771]
Event: 6.822 Thread 0x00000155f0388350 Exception <a 'java/lang/NoSuchMethodError'{0x000000008fb95dd0}: 'void java.lang.invoke.DirectMethodHandle$Holder.invokeInterface(java.lang.Object, java.lang.Object, java.lang.Object)'> (0x000000008fb95dd0) 
thrown [s\src\hotspot\share\interpreter\linkResolver.cpp, line 771]
Event: 15.510 Thread 0x00000155f0388350 Exception <a 'java/lang/NoSuchMethodError'{0x000000008f26b7d8}: 'java.lang.Object java.lang.invoke.DirectMethodHandle$Holder.invokeStaticInit(java.lang.Object)'> (0x000000008f26b7d8) 
thrown [s\src\hotspot\share\interpreter\linkResolver.cpp, line 771]
Event: 15.664 Thread 0x00000155f0388350 Exception <a 'java/lang/NoSuchMethodError'{0x000000008f2cd048}: 'java.lang.Object java.lang.invoke.DirectMethodHandle$Holder.invokeInterface(java.lang.Object, java.lang.Object)'> (0x000000008f2cd048) 
thrown [s\src\hotspot\share\interpreter\linkResolver.cpp, line 771]
Event: 16.515 Thread 0x00000155f0388350 Exception <a 'java/lang/NoSuchMethodError'{0x000000008edc6548}: 'java.lang.Object java.lang.invoke.DirectMethodHandle$Holder.invokeStaticInit(java.lang.Object, int, int, int, int)'> (0x000000008edc6548) 
thrown [s\src\hotspot\share\interpreter\linkResolver.cpp, line 771]
Event: 16.642 Thread 0x00000155f0388350 Exception <a 'java/lang/NoSuchMethodError'{0x000000008ec6b6e0}: 'java.lang.Object java.lang.invoke.DirectMethodHandle$Holder.invokeStaticInit(java.lang.Object, java.lang.Object, int, int, int, int)'> (0x000000008ec6b6e0) 
thrown [s\src\hotspot\share\interpreter\linkResolver.cpp, line 771]
Event: 17.189 Thread 0x00000155f0388350 Exception <a 'java/lang/NoSuchMethodError'{0x000000008eb768b0}: 'void java.lang.invoke.DirectMethodHandle$Holder.invokeStatic(java.lang.Object, java.lang.Object, java.lang.Object)'> (0x000000008eb768b0) 
thrown [s\src\hotspot\share\interpreter\linkResolver.cpp, line 771]
Event: 17.215 Thread 0x00000155f0388350 Exception <a 'java/io/IOException'{0x000000008ea19f98}> (0x000000008ea19f98) 
thrown [s\src\hotspot\share\prims\jni.cpp, line 517]
Event: 19.237 Thread 0x0000015593b15cb0 Exception <a 'java/lang/NoSuchMethodError'{0x000000008e447be0}: 'long java.lang.invoke.DirectMethodHandle$Holder.invokeInterface(java.lang.Object, java.lang.Object)'> (0x000000008e447be0) 
thrown [s\src\hotspot\share\interpreter\linkResolver.cpp, line 771]
Event: 19.272 Thread 0x0000015593b15cb0 Exception <a 'java/lang/NoSuchMethodError'{0x000000008e4899b0}: 'java.lang.Object java.lang.invoke.DirectMethodHandle$Holder.invokeVirtual(java.lang.Object, java.lang.Object, java.lang.Object)'> (0x000000008e4899b0) 
thrown [s\src\hotspot\share\interpreter\linkResolver.cpp, line 771]
Event: 19.794 Thread 0x0000015593b15cb0 Exception <a 'java/lang/NoSuchMethodError'{0x000000008df5eab0}: 'java.lang.Object java.lang.invoke.DirectMethodHandle$Holder.newInvokeSpecial(java.lang.Object, java.lang.Object, java.lang.Object, java.lang.Object, java.lang.Object)'> (0x000000008df5eab0) 
thrown [s\src\hotspot\share\interpreter\linkResolver.cpp, line 771]
Event: 19.948 Thread 0x0000015593b15cb0 Exception <a 'java/lang/NoSuchMethodError'{0x000000008d904660}: 'void java.lang.invoke.DirectMethodHandle$Holder.invokeSpecial(java.lang.Object, java.lang.Object, java.lang.Object)'> (0x000000008d904660) 
thrown [s\src\hotspot\share\interpreter\linkResolver.cpp, line 771]
Event: 19.978 Thread 0x0000015593b15cb0 Exception <a 'java/lang/NoSuchMethodError'{0x000000008d985810}: 'java.lang.Object java.lang.invoke.DirectMethodHandle$Holder.newInvokeSpecial(java.lang.Object, java.lang.Object, java.lang.Object, java.lang.Object, java.lang.Object, java.lang.Object)'> (0x000000008d985810) 
thrown [s\src\hotspot\share\interpreter\linkResolver.cpp, line 771]
Event: 19.979 Thread 0x0000015593b15cb0 Exception <a 'java/lang/NoSuchMethodError'{0x000000008d992810}: 'void java.lang.invoke.DirectMethodHandle$Holder.invokeSpecial(java.lang.Object, java.lang.Object, java.lang.Object, java.lang.Object, java.lang.Object)'> (0x000000008d992810) 
thrown [s\src\hotspot\share\interpreter\linkResolver.cpp, line 771]
Event: 20.108 Thread 0x0000015593b15cb0 Exception <a 'java/lang/NoSuchMethodError'{0x000000008d61d4e0}: 'void java.lang.invoke.DelegatingMethodHandle$Holder.reinvoke_L(java.lang.Object, java.lang.Object, java.lang.Object, java.lang.Object, java.lang.Object, java.lang.Object, java.lang.Object, java.lang.Object, java.lang.Object, java.lang.Object, java.lang.Object)'> (0x000000008d61d4e0) 
thrown [s\src\hotspot\share\interpreter\linkResolver.cpp, line 771]
Event: 20.108 Thread 0x0000015593b15cb0 Exception <a 'java/lang/NoSuchMethodError'{0x000000008d625fe0}: 'java.lang.Object java.lang.invoke.DirectMethodHandle$Holder.invokeSpecial(java.lang.Object, java.lang.Object, java.lang.Object, java.lang.Object, java.lang.Object, java.lang.Object, java.lang.Object, java.lang.Object, java.lang.Object, java.lang.Object, java.lang.Object)'> (0x000000008d625fe0) 
thrown [s\src\hotspot\share\interpreter\linkResolver.cpp, line 771]
Event: 20.108 Thread 0x0000015593b15cb0 Exception <a 'java/lang/NoSuchMethodError'{0x000000008d62aaa8}: 'java.lang.Object java.lang.invoke.Invokers$Holder.invoker(java.lang.Object, java.lang.Object, java.lang.Object, java.lang.Object, java.lang.Object, java.lang.Object, java.lang.Object, java.lang.Object, java.lang.Object, java.lang.Object, java.lang.Object)'> (0x000000008d62aaa8) 
thrown [s\src\hotspot\share\interpreter\linkResolver.cpp, line 771]
Event: 20.108 Thread 0x0000015593b15cb0 Exception <a 'java/lang/NoSuchMethodError'{0x000000008d6308a0}: 'java.lang.Object java.lang.invoke.DirectMethodHandle$Holder.invokeSpecial(java.lang.Object, java.lang.Object, java.lang.Object, java.lang.Object, java.lang.Object, java.lang.Object, java.lang.Object, java.lang.Object, java.lang.Object, java.lang.Object, java.lang.Object, java.lang.Object)'> (0x000000008d6308a0) 
thrown [s\src\hotspot\share\interpreter\linkResolver.cpp, line 771]
Event: 20.162 Thread 0x0000015593b15cb0 Exception <a 'java/lang/NoSuchMethodError'{0x000000008d53dd08}: 'java.lang.Object java.lang.invoke.DirectMethodHandle$Holder.invokeSpecial(java.lang.Object, java.lang.Object, java.lang.Object, java.lang.Object, java.lang.Object, java.lang.Object, java.lang.Object, java.lang.Object, java.lang.Object)'> (0x000000008d53dd08) 
thrown [s\src\hotspot\share\interpreter\linkResolver.cpp, line 771]

VM Operations (20 events):
Event: 15.413 Executing VM operation: HandshakeAllThreads
Event: 15.413 Executing VM operation: HandshakeAllThreads done
Event: 15.662 Executing VM operation: HandshakeAllThreads
Event: 15.662 Executing VM operation: HandshakeAllThreads done
Event: 16.254 Executing VM operation: HandshakeAllThreads
Event: 16.254 Executing VM operation: HandshakeAllThreads done
Event: 16.254 Executing VM operation: Cleanup
Event: 16.254 Executing VM operation: Cleanup done
Event: 16.506 Executing VM operation: HandshakeAllThreads
Event: 16.506 Executing VM operation: HandshakeAllThreads done
Event: 16.629 Executing VM operation: HandshakeAllThreads
Event: 16.629 Executing VM operation: HandshakeAllThreads done
Event: 17.634 Executing VM operation: Cleanup
Event: 17.650 Executing VM operation: Cleanup done
Event: 17.693 Executing VM operation: HandshakeAllThreads
Event: 17.693 Executing VM operation: HandshakeAllThreads done
Event: 18.697 Executing VM operation: Cleanup
Event: 18.697 Executing VM operation: Cleanup done
Event: 19.707 Executing VM operation: Cleanup
Event: 19.707 Executing VM operation: Cleanup done

Events (20 events):
Event: 19.801 loading class java/util/stream/MatchOps$BooleanTerminalSink
Event: 19.801 loading class java/util/stream/MatchOps$BooleanTerminalSink done
Event: 19.802 loading class java/util/stream/MatchOps$1MatchSink
Event: 19.802 loading class java/util/stream/MatchOps$1MatchSink done
Event: 19.990 loading class java/lang/invoke/MethodHandle$1
Event: 19.990 loading class java/lang/invoke/MethodHandle$1 done
Event: 19.994 loading class java/util/ConcurrentModificationException
Event: 19.994 loading class java/util/ConcurrentModificationException done
Event: 20.093 loading class sun/reflect/generics/scope/ConstructorScope
Event: 20.093 loading class sun/reflect/generics/scope/ConstructorScope done
Event: 20.093 loading class sun/reflect/generics/tree/VoidDescriptor
Event: 20.093 loading class sun/reflect/generics/tree/VoidDescriptor done
Event: 20.110 loading class java/lang/invoke/BoundMethodHandle$Species_LLLLLLLL
Event: 20.110 loading class java/lang/invoke/BoundMethodHandle$Species_LLLLLLLL done
Event: 20.111 loading class java/lang/invoke/BoundMethodHandle$Species_LLLLLLLLL
Event: 20.111 loading class java/lang/invoke/BoundMethodHandle$Species_LLLLLLLLL done
Event: 20.112 loading class java/lang/invoke/BoundMethodHandle$Species_LLLLLLLLLL
Event: 20.112 loading class java/lang/invoke/BoundMethodHandle$Species_LLLLLLLLLL done
Event: 20.113 loading class java/lang/invoke/BoundMethodHandle$Species_LLLLLLLLLLL
Event: 20.113 loading class java/lang/invoke/BoundMethodHandle$Species_LLLLLLLLLLL done


Dynamic libraries:
0x00007ff6ff450000 - 0x00007ff6ff45a000 	D:\Program Files\AndroidStudio\jbr\bin\java.exe
0x00007ffcbf1f0000 - 0x00007ffcbf407000 	C:\WINDOWS\SYSTEM32\ntdll.dll
0x00007ffcbf0e0000 - 0x00007ffcbf1a4000 	C:\WINDOWS\System32\KERNEL32.DLL
0x00007ffcbc560000 - 0x00007ffcbc906000 	C:\WINDOWS\System32\KERNELBASE.dll
0x00007ffcbcd60000 - 0x00007ffcbce71000 	C:\WINDOWS\System32\ucrtbase.dll
0x00007ffc86e60000 - 0x00007ffc86e77000 	D:\Program Files\AndroidStudio\jbr\bin\jli.dll
0x00007ffc85660000 - 0x00007ffc8567b000 	D:\Program Files\AndroidStudio\jbr\bin\VCRUNTIME140.dll
0x00007ffcbe340000 - 0x00007ffcbe4ee000 	C:\WINDOWS\System32\USER32.dll
0x00007ffcac5b0000 - 0x00007ffcac843000 	C:\WINDOWS\WinSxS\amd64_microsoft.windows.common-controls_6595b64144ccf1df_6.0.22621.2506_none_270c5ae97388e100\COMCTL32.dll
0x00007ffcbca30000 - 0x00007ffcbca56000 	C:\WINDOWS\System32\win32u.dll
0x00007ffcbcf60000 - 0x00007ffcbd007000 	C:\WINDOWS\System32\msvcrt.dll
0x00007ffcbd890000 - 0x00007ffcbd8b9000 	C:\WINDOWS\System32\GDI32.dll
0x00007ffcbc910000 - 0x00007ffcbca28000 	C:\WINDOWS\System32\gdi32full.dll
0x00007ffcbcad0000 - 0x00007ffcbcb6a000 	C:\WINDOWS\System32\msvcp_win.dll
0x00007ffcbd9c0000 - 0x00007ffcbd9f1000 	C:\WINDOWS\System32\IMM32.DLL
0x00007ffc850e0000 - 0x00007ffc850ec000 	D:\Program Files\AndroidStudio\jbr\bin\vcruntime140_1.dll
0x00007ffc5d7f0000 - 0x00007ffc5d87d000 	D:\Program Files\AndroidStudio\jbr\bin\msvcp140.dll
0x00007ffc07a60000 - 0x00007ffc086e0000 	D:\Program Files\AndroidStudio\jbr\bin\server\jvm.dll
0x00007ffcbd200000 - 0x00007ffcbd2b1000 	C:\WINDOWS\System32\ADVAPI32.dll
0x00007ffcbdf00000 - 0x00007ffcbdfa5000 	C:\WINDOWS\System32\sechost.dll
0x00007ffcbe4f0000 - 0x00007ffcbe607000 	C:\WINDOWS\System32\RPCRT4.dll
0x00007ffcb57a0000 - 0x00007ffcb57d4000 	C:\WINDOWS\SYSTEM32\WINMM.dll
0x00007ffcb98b0000 - 0x00007ffcb98b9000 	C:\WINDOWS\SYSTEM32\WSOCK32.dll
0x00007ffcb3b50000 - 0x00007ffcb3b5a000 	C:\WINDOWS\SYSTEM32\VERSION.dll
0x00007ffcbd080000 - 0x00007ffcbd0f1000 	C:\WINDOWS\System32\WS2_32.dll
0x00007ffcbb5b0000 - 0x00007ffcbb5c8000 	C:\WINDOWS\SYSTEM32\kernel.appcore.dll
0x00007ffcb96b0000 - 0x00007ffcb96ba000 	D:\Program Files\AndroidStudio\jbr\bin\jimage.dll
0x00007ffcaf1c0000 - 0x00007ffcaf3f3000 	C:\WINDOWS\SYSTEM32\DBGHELP.DLL
0x00007ffcbdfb0000 - 0x00007ffcbe339000 	C:\WINDOWS\System32\combase.dll
0x00007ffcbe670000 - 0x00007ffcbe747000 	C:\WINDOWS\System32\OLEAUT32.dll
0x00007ffca30d0000 - 0x00007ffca3102000 	C:\WINDOWS\SYSTEM32\dbgcore.DLL
0x00007ffcbcb70000 - 0x00007ffcbcbea000 	C:\WINDOWS\System32\bcryptPrimitives.dll
0x00007ffcb58a0000 - 0x00007ffcb58c5000 	D:\Program Files\AndroidStudio\jbr\bin\java.dll
0x00007ffcb65a0000 - 0x00007ffcb65b8000 	D:\Program Files\AndroidStudio\jbr\bin\zip.dll
0x00007ffcbe880000 - 0x00007ffcbf0da000 	C:\WINDOWS\System32\SHELL32.dll
0x00007ffcba440000 - 0x00007ffcbad36000 	C:\WINDOWS\SYSTEM32\windows.storage.dll
0x00007ffcba300000 - 0x00007ffcba43e000 	C:\WINDOWS\SYSTEM32\wintypes.dll
0x00007ffcbd100000 - 0x00007ffcbd1f3000 	C:\WINDOWS\System32\SHCORE.dll
0x00007ffcbe610000 - 0x00007ffcbe66e000 	C:\WINDOWS\System32\shlwapi.dll
0x00007ffcbc490000 - 0x00007ffcbc4b6000 	C:\WINDOWS\SYSTEM32\profapi.dll
0x00007ffcb5880000 - 0x00007ffcb5899000 	D:\Program Files\AndroidStudio\jbr\bin\net.dll
0x00007ffcb6ac0000 - 0x00007ffcb6bf7000 	C:\WINDOWS\SYSTEM32\WINHTTP.dll
0x00007ffcbba80000 - 0x00007ffcbbae9000 	C:\WINDOWS\system32\mswsock.dll
0x00007ffc86ec0000 - 0x00007ffc86ed6000 	D:\Program Files\AndroidStudio\jbr\bin\nio.dll
0x00007ffcb6e10000 - 0x00007ffcb6e20000 	D:\Program Files\AndroidStudio\jbr\bin\verify.dll
0x00007ffc95880000 - 0x00007ffc958a7000 	D:\AndroidGraddle\.gradle\native\68d5fa5c4cc2d200863cafc0d521ce42e7d3e7ee720ec0a83991735586a16f82\windows-amd64\native-platform.dll
0x00007ffc36f40000 - 0x00007ffc37084000 	D:\AndroidGraddle\.gradle\native\e376f236ea51e6404a007f0833ffe2c6e607c4080706a723a18a27aeea778392\windows-amd64\native-platform-file-events.dll
0x00007ffcb5870000 - 0x00007ffcb5879000 	D:\Program Files\AndroidStudio\jbr\bin\management.dll
0x00007ffcb5800000 - 0x00007ffcb580b000 	D:\Program Files\AndroidStudio\jbr\bin\management_ext.dll
0x00007ffcbe750000 - 0x00007ffcbe758000 	C:\WINDOWS\System32\PSAPI.DLL
0x00007ffcbbd00000 - 0x00007ffcbbd1b000 	C:\WINDOWS\SYSTEM32\CRYPTSP.dll
0x00007ffcbb570000 - 0x00007ffcbb5a5000 	C:\WINDOWS\system32\rsaenh.dll
0x00007ffcbbb20000 - 0x00007ffcbbb4c000 	C:\WINDOWS\SYSTEM32\USERENV.dll
0x00007ffcbbef0000 - 0x00007ffcbbf18000 	C:\WINDOWS\SYSTEM32\bcrypt.dll
0x00007ffcbbc90000 - 0x00007ffcbbc9c000 	C:\WINDOWS\SYSTEM32\CRYPTBASE.dll
0x00007ffcbb010000 - 0x00007ffcbb03d000 	C:\WINDOWS\SYSTEM32\IPHLPAPI.DLL
0x00007ffcbd9b0000 - 0x00007ffcbd9b9000 	C:\WINDOWS\System32\NSI.dll
0x00007ffcb7020000 - 0x00007ffcb7039000 	C:\WINDOWS\SYSTEM32\dhcpcsvc6.DLL
0x00007ffcb6960000 - 0x00007ffcb697f000 	C:\WINDOWS\SYSTEM32\dhcpcsvc.DLL
0x00007ffcbb080000 - 0x00007ffcbb179000 	C:\WINDOWS\SYSTEM32\DNSAPI.dll
0x00007ffc92c50000 - 0x00007ffc92c58000 	C:\WINDOWS\system32\wshunix.dll

dbghelp: loaded successfully - version: 4.0.5 - missing functions: none
symbol engine: initialized successfully - sym options: 0x614 - pdb path: .;D:\Program Files\AndroidStudio\jbr\bin;C:\WINDOWS\SYSTEM32;C:\WINDOWS\WinSxS\amd64_microsoft.windows.common-controls_6595b64144ccf1df_6.0.22621.2506_none_270c5ae97388e100;D:\Program Files\AndroidStudio\jbr\bin\server;D:\AndroidGraddle\.gradle\native\68d5fa5c4cc2d200863cafc0d521ce42e7d3e7ee720ec0a83991735586a16f82\windows-amd64;D:\AndroidGraddle\.gradle\native\e376f236ea51e6404a007f0833ffe2c6e607c4080706a723a18a27aeea778392\windows-amd64

VM Arguments:
jvm_args: --add-opens=java.base/java.util=ALL-UNNAMED --add-opens=java.base/java.lang=ALL-UNNAMED --add-opens=java.base/java.lang.invoke=ALL-UNNAMED --add-opens=java.prefs/java.util.prefs=ALL-UNNAMED --add-opens=java.base/java.nio.charset=ALL-UNNAMED --add-opens=java.base/java.net=ALL-UNNAMED --add-opens=java.base/java.util.concurrent.atomic=ALL-UNNAMED -Xmx2048m -Dfile.encoding=UTF-8 -Duser.country=US -Duser.language=en -Duser.variant 
java_command: org.gradle.launcher.daemon.bootstrap.GradleDaemon 8.0
java_class_path (initial): D:\AndroidGraddle\.gradle\wrapper\dists\gradle-8.0-bin\ca5e32bp14vu59qr306oxotwh\gradle-8.0\lib\gradle-launcher-8.0.jar
Launcher Type: SUN_STANDARD

[Global flags]
     intx CICompilerCount                          = 4                                         {product} {ergonomic}
     uint ConcGCThreads                            = 3                                         {product} {ergonomic}
     uint G1ConcRefinementThreads                  = 10                                        {product} {ergonomic}
   size_t G1HeapRegionSize                         = 1048576                                   {product} {ergonomic}
    uintx GCDrainStackTargetSize                   = 64                                        {product} {ergonomic}
   size_t InitialHeapSize                          = 266338304                                 {product} {ergonomic}
   size_t MarkStackSize                            = 4194304                                   {product} {ergonomic}
   size_t MaxHeapSize                              = 2147483648                                {product} {command line}
   size_t MaxNewSize                               = 1287651328                                {product} {ergonomic}
   size_t MinHeapDeltaBytes                        = 1048576                                   {product} {ergonomic}
   size_t MinHeapSize                              = 8388608                                   {product} {ergonomic}
    uintx NonNMethodCodeHeapSize                   = 5839372                                {pd product} {ergonomic}
    uintx NonProfiledCodeHeapSize                  = 122909434                              {pd product} {ergonomic}
    uintx ProfiledCodeHeapSize                     = 122909434                              {pd product} {ergonomic}
    uintx ReservedCodeCacheSize                    = 251658240                              {pd product} {ergonomic}
     bool SegmentedCodeCache                       = true                                      {product} {ergonomic}
   size_t SoftMaxHeapSize                          = 2147483648                             {manageable} {ergonomic}
     bool UseCompressedClassPointers               = true                           {product lp64_product} {ergonomic}
     bool UseCompressedOops                        = true                           {product lp64_product} {ergonomic}
     bool UseG1GC                                  = true                                      {product} {ergonomic}
     bool UseLargePagesIndividualAllocation        = false                                  {pd product} {ergonomic}

Logging:
Log output configuration:
 #0: stdout all=warning uptime,level,tags
 #1: stderr all=off uptime,level,tags

Environment Variables:
PATH=C:\Program Files\Common Files\Oracle\Java\javapath;C:\Windows\system32;C:\Windows;C:\Windows\System32\Wbem;C:\Windows\System32\WindowsPowerShell\v1.0\;C:\Windows\System32\OpenSSH\;C:\Program Files\NVIDIA Corporation\NVIDIA NvDLISR;C:\Program Files (x86)\NVIDIA Corporation\PhysX\Common;C:\WINDOWS\system32;C:\WINDOWS;C:\WINDOWS\System32\Wbem;C:\WINDOWS\System32\WindowsPowerShell\v1.0\;C:\WINDOWS\System32\OpenSSH\;C:\Program Files\nodejs\;C:\Program Files\Git\cmd;C:\Program Files\PuTTY\;D:\XAMMMP\php;C:\ProgramData\ComposerSetup\bin;C:\Program Files\kotlinc\bin;C:\Program Files\Cloudflare\Cloudflare WARP\;C:\Users\Grants\AppData\Local\Microsoft\WindowsApps;C:\Users\Grants\AppData\Local\Programs\Microsoft VS Code\bin;C:\Users\Grants\AppData\Roaming\npm;C:\Users\Grants\AppData\Roaming\Composer\vendor\bin;C:\Program Files\kotlinc\bin;;C:\Users\Grants\AppData\Local\Programs\Julia-1.9.3\bin
USERNAME=Grants
OS=Windows_NT
PROCESSOR_IDENTIFIER=Intel64 Family 6 Model 167 Stepping 1, GenuineIntel
TMP=C:\Users\Grants\AppData\Local\Temp
TEMP=C:\Users\Grants\AppData\Local\Temp


JNI global refs:
JNI global refs: 23, weak refs: 0

JNI global refs memory usage: 843, weak refs: 841

OOME stack traces (most recent first):
Classloader memory used:
Loader bootstrap                                                                       : 1764K
Loader org.gradle.internal.classloader.VisitableURLClassLoader                         : 812K
Loader org.gradle.initialization.MixInLegacyTypesClassLoader                           : 37954B
Loader jdk.internal.loader.ClassLoaders$AppClassLoader                                 : 25825B
Loader jdk.internal.loader.ClassLoaders$PlatformClassLoader                            : 14831B
Loader jdk.internal.reflect.DelegatingClassLoader                                      : 871B

Classes loaded by more than one classloader:
Class org.gradle.internal.installation.GradleInstallation                             : loaded 2 times (x 73B)
Class org.gradle.internal.classpath.ClassPath                                         : loaded 2 times (x 68B)
Class org.gradle.api.internal.classpath.DefaultModuleRegistry                         : loaded 2 times (x 84B)
Class org.gradle.api.Action                                                           : loaded 2 times (x 68B)
Class org.gradle.api.internal.DefaultClassPathProvider                                : loaded 2 times (x 74B)
Class org.gradle.internal.installation.GradleInstallation$1                           : loaded 2 times (x 73B)
Class org.gradle.internal.classloader.FilteringClassLoader                            : loaded 2 times (x 102B)
Class org.gradle.internal.classpath.DefaultClassPath$ImmutableUniqueList$Builder      : loaded 2 times (x 73B)
Class org.gradle.internal.classloader.ClassLoaderVisitor                              : loaded 2 times (x 74B)
Class org.gradle.internal.service.DefaultServiceLocator                               : loaded 2 times (x 81B)
Class org.gradle.internal.service.UnknownServiceException                             : loaded 2 times (x 81B)
Class org.gradle.internal.classloader.VisitableURLClassLoader$Spec                    : loaded 2 times (x 72B)
Class org.gradle.api.GradleException                                                  : loaded 2 times (x 80B)
Class org.gradle.api.internal.classpath.ModuleRegistry                                : loaded 2 times (x 68B)
Class org.gradle.api.internal.ClassPathProvider                                       : loaded 2 times (x 68B)
Class org.gradle.internal.classloader.ClasspathUtil$1                                 : loaded 2 times (x 74B)
Class org.gradle.internal.classloader.ClassLoaderFactory                              : loaded 2 times (x 68B)
Class org.gradle.api.internal.classpath.ManifestUtil                                  : loaded 2 times (x 69B)
Class org.gradle.api.specs.Spec                                                       : loaded 2 times (x 68B)
Class org.gradle.internal.IoActions                                                   : loaded 2 times (x 69B)
Class org.gradle.api.internal.classpath.EffectiveClassPath                            : loaded 2 times (x 88B)
Class org.gradle.internal.installation.CurrentGradleInstallation                      : loaded 2 times (x 71B)
Class org.gradle.internal.installation.CurrentGradleInstallationLocator               : loaded 2 times (x 69B)
Class org.gradle.api.internal.classpath.Module                                        : loaded 2 times (x 68B)
Class org.gradle.internal.service.CachingServiceLocator                               : loaded 2 times (x 80B)
Class org.gradle.internal.classpath.DefaultClassPath                                  : loaded 2 times (x 88B)
Class org.gradle.internal.classloader.SystemClassLoaderSpec                           : loaded 2 times (x 69B)
Class org.gradle.api.UncheckedIOException                                             : loaded 2 times (x 80B)
Class org.gradle.internal.classloader.ClasspathUtil                                   : loaded 2 times (x 69B)
Class org.gradle.api.internal.DefaultClassPathRegistry                                : loaded 2 times (x 74B)
Class org.gradle.api.internal.classpath.DefaultModuleRegistry$DefaultModule           : loaded 2 times (x 84B)
Class org.gradle.api.internal.classpath.UnknownModuleException                        : loaded 2 times (x 80B)
Class org.gradle.internal.service.ServiceLookupException                              : loaded 2 times (x 80B)
Class org.gradle.cache.GlobalCache                                                    : loaded 2 times (x 68B)
Class [Lorg.gradle.api.internal.ClassPathProvider;                                    : loaded 2 times (x 67B)
Class org.gradle.util.internal.GUtil                                                  : loaded 2 times (x 69B)
Class org.gradle.internal.classloader.ClassLoaderSpec                                 : loaded 2 times (x 69B)
Class org.gradle.internal.classloader.VisitableURLClassLoader                         : loaded 2 times (x 114B)
Class org.gradle.internal.Cast                                                        : loaded 2 times (x 69B)
Class org.gradle.api.internal.ClassPathRegistry                                       : loaded 2 times (x 68B)
Class org.gradle.internal.classloader.ClassLoaderHierarchy                            : loaded 2 times (x 68B)
Class org.gradle.internal.InternalTransformer                                         : loaded 2 times (x 68B)
Class org.gradle.internal.service.ServiceLocator                                      : loaded 2 times (x 68B)
Class org.gradle.internal.classpath.DefaultClassPath$ImmutableUniqueList              : loaded 2 times (x 159B)


---------------  S Y S T E M  ---------------

OS:
 Windows 11 , 64 bit Build 22621 (10.0.22621.2506)
OS uptime: 4 days 2:14 hours
Hyper-V role detected

CPU: total 12 (initial active 12) (6 cores per cpu, 2 threads per core) family 6 model 167 stepping 1 microcode 0x40, cx8, cmov, fxsr, ht, mmx, 3dnowpref, sse, sse2, sse3, ssse3, sse4.1, sse4.2, popcnt, lzcnt, tsc, tscinvbit, avx, avx2, aes, erms, clmul, bmi1, bmi2, adx, avx512f, avx512dq, avx512cd, avx512bw, avx512vl, sha, fma, vzeroupper, avx512_vpopcntdq, avx512_vpclmulqdq, avx512_vaes, avx512_vnni, clflush, clflushopt, avx512_vbmi2, avx512_vbmi, hv

Memory: 4k page, system-wide physical 16239M (2342M free)
TotalPageFile size 24431M (AvailPageFile size 542M)
current process WorkingSet (physical memory assigned to process): 106M, peak: 146M
current process commit charge ("private bytes"): 196M, peak: 392M

vm_info: OpenJDK 64-Bit Server VM (17.0.7+0-b2043.56-10550314) for windows-amd64 JRE (17.0.7+0-b2043.56-10550314), built on Jul 24 2023 18:27:45 by "androidbuild" with MS VC++ 16.10 / 16.11 (VS2019)

END.
